app/build/intermediates/manifest_merge_blame_file/debug/manifest-merger-blame-debug-report.txt
1<?xml version="1.0" encoding="utf-8"?>
2<manifest xmlns:android="http://schemas.android.com/apk/res/android"
3    package="com.benginio.flixster"
4    android:versionCode="1"
5    android:versionName="1.0" >
6
7    <uses-sdk
8        android:minSdkVersion="21"
8-->src\main\AndroidManifest.xml
9        android:targetSdkVersion="31" />
9-->src\main\AndroidManifest.xml
10
11    <uses-permission android:name="android.permission.INTERNET" />
11-->src\main\AndroidManifest.xml:5:5-67
11-->src\main\AndroidManifest.xml:5:22-64
12
13    <queries>
13-->src\main\AndroidManifest.xml:6:5-10:15
14        <intent>
14-->src\main\AndroidManifest.xml:7:9-9:18
15            <action android:name="com.google.android.youtube.api.service.START" />
15-->src\main\AndroidManifest.xml:8:13-83
15-->src\main\AndroidManifest.xml:8:21-80
16        </intent>
17    </queries>
18
19    <application
19-->src\main\AndroidManifest.xml:11:5-29:19
20        android:allowBackup="true"
20-->src\main\AndroidManifest.xml:12:9-35
21        android:appComponentFactory="androidx.core.app.CoreComponentFactory"
21-->[androidx.core:core:1.7.0] AndroidManifest.xml:24:18-86
22        android:debuggable="true"
23        android:icon="@mipmap/ic_launcher"
23-->src\main\AndroidManifest.xml:13:9-43
24        android:label="@string/app_name"
24-->src\main\AndroidManifest.xml:14:9-41
25        android:roundIcon="@mipmap/ic_launcher_round"
25-->src\main\AndroidManifest.xml:15:9-54
26        android:supportsRtl="true"
26-->src\main\AndroidManifest.xml:16:9-35
27        android:testOnly="true"
28        android:theme="@style/Theme.Flixster" >
28-->src\main\AndroidManifest.xml:17:9-46
29        <activity
29-->src\main\AndroidManifest.xml:18:9-20:39
30            android:name="com.lopes.flixster.DetailActivity"
30-->src\main\AndroidManifest.xml:19:13-43
31            android:exported="false" />
31-->src\main\AndroidManifest.xml:20:13-37
32        <activity
32-->src\main\AndroidManifest.xml:21:9-28:20
33            android:name="com.lopes.flixster.MainActivity"
33-->src\main\AndroidManifest.xml:21:19-47
34            android:exported="true" >
34-->src\main\AndroidManifest.xml:22:13-36
35            <intent-filter>
35-->src\main\AndroidManifest.xml:23:13-27:29
36                <action android:name="android.intent.action.MAIN" />
36-->src\main\AndroidManifest.xml:24:17-69
36-->src\main\AndroidManifest.xml:24:25-66
37
38                <category android:name="android.intent.category.LAUNCHER" />
38-->src\main\AndroidManifest.xml:26:17-77
38-->src\main\AndroidManifest.xml:26:27-74
39            </intent-filter>
40        </activity>
41
42        <provider
42-->[androidx.emoji2:emoji2:1.0.0] AndroidManifest.xml:26:9-34:20
43            android:name="androidx.startup.InitializationProvider"
43-->[androidx.emoji2:emoji2:1.0.0] AndroidManifest.xml:27:13-67
44            android:authorities="com.benginio.flixster.androidx-startup"
44-->[androidx.emoji2:emoji2:1.0.0] AndroidManifest.xml:28:13-68
45            android:exported="false" >
45-->[androidx.emoji2:emoji2:1.0.0] AndroidManifest.xml:29:13-37
46            <meta-data
46-->[androidx.emoji2:emoji2:1.0.0] AndroidManifest.xml:31:13-33:52
47                android:name="androidx.emoji2.text.EmojiCompatInitializer"
47-->[androidx.emoji2:emoji2:1.0.0] AndroidManifest.xml:32:17-75
48                android:value="androidx.startup" />
48-->[androidx.emoji2:emoji2:1.0.0] AndroidManifest.xml:33:17-49
49            <meta-data
49-->[androidx.lifecycle:lifecycle-process:2.4.0] AndroidManifest.xml:31:13-33:52
50                android:name="androidx.lifecycle.ProcessLifecycleInitializer"
50-->[androidx.lifecycle:lifecycle-process:2.4.0] AndroidManifest.xml:32:17-78
51                android:value="androidx.startup" />
51-->[androidx.lifecycle:lifecycle-process:2.4.0] AndroidManifest.xml:33:17-49
52        </provider>
53    </application>
54
55</manifest>